INFO    : Building target slides
INFO    : XSL conversion of /home/lahvak/Projects/accessibility_slides/source/main.ptx by /home/lahvak/.ptx/2.37.1/core/xsl/utilities/pretext-enhanced-source.xsl
INFO    : successful application of /home/lahvak/.ptx/2.37.1/core/xsl/utilities/pretext-enhanced-source.xsl
INFO    : Generating any needed assets.
INFO    : Finished generating assets.

INFO    : Preparing to build into /home/lahvak/Projects/accessibility_slides/output/slides.
INFO    : discovering source file's directory name: /home/lahvak/Projects/accessibility_slides/source
INFO    : verifying and expanding input directory: /home/lahvak/Projects/accessibility_slides/source/../generated-assets
INFO    : input directory expanded to absolute path: /home/lahvak/Projects/accessibility_slides/generated-assets
INFO    : verifying and expanding input directory: /home/lahvak/Projects/accessibility_slides/source/../assets
INFO    : input directory expanded to absolute path: /home/lahvak/Projects/accessibility_slides/assets
INFO    : converting /home/lahvak/Projects/accessibility_slides/source/main.ptx to HTML in /tmp/ptx-pk040f8k
INFO    : XSL conversion of /home/lahvak/Projects/accessibility_slides/source/main.ptx by /home/lahvak/.ptx/2.37.1/core/xsl/pretext-revealjs.xsl
INFO    : messages from the log for XSL processing:
INFO    : * ********************************************************************************
INFO    : * Conversion to reveal.js presentations/slideshows is experimental
INFO    : * Requests for additional specific constructions welcome
INFO    : * Additional PreTeXt elements are subject to change
INFO    : * ********************************************************************************
INFO    : * PTX:INFO:   checking all deprecated elements.
WARNING : * PTX:DEPRECATE: (2024-10-08) elements previously included in a "titlepage" element inside the "frontmatter" (author, editor, credit, date, and event) should now be placed in "frontmatter/bibinfo".  To ensure a title page is created, put only the empty element "titlepage-items" inside "titlepage".  Until you move these elements, we will try to honor your intent. (1 time)
INFO    : *              located within: "Accessibility" (title)
INFO    : * --------------
INFO    : successful application of /home/lahvak/.ptx/2.37.1/core/xsl/pretext-revealjs.xsl
INFO    : Removing temporary directory /tmp/ptx-pk040f8k
INFO    : 
Finished build for target slides. The output is in /home/lahvak/Projects/accessibility_slides/output/slides.

INFO    : 
Success!  Built requested target(s) without errors.

INFO    : 
